#
# A fatal error has been detected by the Java Runtime Environment:
#
#  EXCEPTION_ACCESS_VIOLATION (0xc0000005) at pc=0x00007ffb990b843d, pid=10364, tid=0x0000000000003788
#
# JRE version: Java(TM) SE Runtime Environment (8.0_191-b12) (build 1.8.0_191-b12)
# Java VM: Java HotSpot(TM) 64-Bit Server VM (25.191-b12 mixed mode windows-amd64 compressed oops)
# Problematic frame:
# C  [ig9icd64.dll+0x30843d]
#
# Failed to write core dump. Minidumps are not enabled by default on client versions of Windows
#
# If you would like to submit a bug report, please visit:
#   http://bugreport.java.com/bugreport/crash.jsp
# The crash happened outside the Java Virtual Machine in native code.
# See problematic frame for where to report the bug.
#

---------------  T H R E A D  ---------------

Current thread (0x0000000019b3d000):  JavaThread "AWT-EventQueue-0" [_thread_in_native, id=14216, stack(0x000000001a7b0000,0x000000001a8b0000)]

siginfo: ExceptionCode=0xc0000005, writing address 0x000000005ba64000

Registers:
RAX=0x0000000000000008, RBX=0x0000000000cfd440, RCX=0x0000000000000000, RDX=0x000000005ba63ff4
RSP=0x000000001a8add30, RBP=0x0000000000000008, RSI=0x0000000000000004, RDI=0x0000000000000005
R8 =0x0000000000000000, R9 =0x0000000000000005, R10=0x0000000000002000, R11=0x000000005fa380c0
R12=0x0000000000000000, R13=0x0000000000000000, R14=0x000000004020110c, R15=0x0000000019b3d000
RIP=0x00007ffb990b843d, EFLAGS=0x0000000000010246

Top of Stack: (sp=0x000000001a8add30)
0x000000001a8add30:   0000000000cfd440 0000000000000008
0x000000001a8add40:   0000000000000004 000000004020110c
0x000000001a8add50:   0000000000000004 00007ffb98e94194
0x000000001a8add60:   0000000000cfd440 0000000000000008
0x000000001a8add70:   0000000000000005 0000000000000008
0x000000001a8add80:   0000000000000004 00007ffb9929dd11
0x000000001a8add90:   0000000000cfd440 0000000000000008
0x000000001a8adda0:   0000000000000005 00007ffb00000001
0x000000001a8addb0:   41100000c1800000 0000000000000000
0x000000001a8addc0:   0000000000000004 0000000002e8b2c3
0x000000001a8addd0:   000000004020110c 0000000000000030
0x000000001a8adde0:   000000001a8ade40 00007ffb99619f20
0x000000001a8addf0:   0000000000000004 00007ffb99619f20
0x000000001a8ade00:   00000000d879f1a8 00000000d879f1a8
0x000000001a8ade10:   00007ffb99628a60 00000000d879f1a8
0x000000001a8ade20:   0000000000000000 00000000176de1a0 

Instructions: (pc=0x00007ffb990b843d)
0x00007ffb990b841d:   44 38 83 5e 54 02 00 75 07 44 8b 83 b4 5d 02 00
0x00007ffb990b842d:   81 22 ff fb ff ff 81 62 04 ff fd ff ff 8d 04 29
0x00007ffb990b843d:   89 42 0c 89 72 08 8b 83 b0 5d 02 00 44 89 42 14
0x00007ffb990b844d:   89 42 10 48 8b d6 48 8b cb 48 0f af d0 48 8b 5c 


Register to memory mapping:

RAX=0x0000000000000008 is an unknown value
RBX=0x0000000000cfd440 is an unknown value
RCX=0x0000000000000000 is an unknown value
RDX=0x000000005ba63ff4 is an unknown value
RSP=0x000000001a8add30 is pointing into the stack for thread: 0x0000000019b3d000
RBP=0x0000000000000008 is an unknown value
RSI=0x0000000000000004 is an unknown value
RDI=0x0000000000000005 is an unknown value
R8 =0x0000000000000000 is an unknown value
R9 =0x0000000000000005 is an unknown value
R10=0x0000000000002000 is an unknown value
R11=0x000000005fa380c0 is an unknown value
R12=0x0000000000000000 is an unknown value
R13=0x0000000000000000 is an unknown value
R14=0x000000004020110c is an unknown value
R15=0x0000000019b3d000 is a thread


Stack: [0x000000001a7b0000,0x000000001a8b0000],  sp=0x000000001a8add30,  free space=1015k
Native frames: (J=compiled Java code, j=interpreted, Vv=VM code, C=native code)
C  [ig9icd64.dll+0x30843d]
C  [ig9icd64.dll+0xe4194]
C  [ig9icd64.dll+0x4edd11]
C  0x0000000002e8b2c3

Java frames: (J=compiled Java code, j=interpreted, Vv=VM code)
J 770  jogamp.opengl.gl4.GL4bcImpl.dispatch_glDrawArrays1(IIIJ)V (0 bytes) @ 0x0000000002e8b245 [0x0000000002e8b200+0x45]
J 827 C2 World$Chunk.draw(LGraphics;)V (79 bytes) @ 0x0000000002eae13c [0x0000000002eadf80+0x1bc]
J 1400 C2 jogamp.opengl.GLDrawableHelper.invokeGLImpl(Lcom/jogamp/opengl/GLDrawable;Lcom/jogamp/opengl/GLContext;Ljava/lang/Runnable;Ljava/lang/Runnable;)V (579 bytes) @ 0x000000000309fdd8 [0x000000000309f320+0xab8]
J 1348 C2 java.awt.EventQueue.dispatchEventImpl(Ljava/awt/AWTEvent;Ljava/lang/Object;)V (149 bytes) @ 0x0000000003075078 [0x0000000003074ac0+0x5b8]
J 1355 C2 java.awt.EventQueue$3.run()Ljava/lang/Object; (5 bytes) @ 0x000000000305a1c0 [0x000000000305a160+0x60]
v  ~StubRoutines::call_stub
J 830  java.security.AccessController.doPrivileged(Ljava/security/PrivilegedAction;Ljava/security/AccessControlContext;)Ljava/lang/Object; (0 bytes) @ 0x0000000002eaaa66 [0x0000000002eaaa00+0x66]
J 1345 C2 java.awt.EventQueue.dispatchEvent(Ljava/awt/AWTEvent;)V (80 bytes) @ 0x0000000003064224 [0x0000000003063f40+0x2e4]
J 1347 C2 java.awt.EventDispatchThread.pumpOneEventForFilters(I)V (190 bytes) @ 0x000000000306a8b4 [0x0000000003069cc0+0xbf4]
j  java.awt.EventDispatchThread.pumpEventsForFilter(ILjava/awt/Conditional;Ljava/awt/EventFilter;)V+35
j  java.awt.EventDispatchThread.pumpEventsForHierarchy(ILjava/awt/Conditional;Ljava/awt/Component;)V+11
j  java.awt.EventDispatchThread.pumpEvents(ILjava/awt/Conditional;)V+4
j  java.awt.EventDispatchThread.pumpEvents(Ljava/awt/Conditional;)V+3
j  java.awt.EventDispatchThread.run()V+9
v  ~StubRoutines::call_stub

---------------  P R O C E S S  ---------------

Java Threads: ( => current thread )
  0x0000000002a81000 JavaThread "DestroyJavaVM" [_thread_blocked, id=12560, stack(0x0000000002960000,0x0000000002a60000)]
  0x0000000019fb9000 JavaThread "TimerQueue" daemon [_thread_blocked, id=5076, stack(0x0000000060c70000,0x0000000060d70000)]
  0x0000000019bf2800 JavaThread "main-SharedResourceRunner" daemon [_thread_blocked, id=13304, stack(0x000000001b230000,0x000000001b330000)]
=>0x0000000019b3d000 JavaThread "AWT-EventQueue-0" [_thread_in_native, id=14216, stack(0x000000001a7b0000,0x000000001a8b0000)]
  0x0000000019b32000 JavaThread "AWT-Windows" daemon [_thread_in_native, id=13092, stack(0x000000001a4d0000,0x000000001a5d0000)]
  0x0000000019b31000 JavaThread "AWT-Shutdown" [_thread_blocked, id=13516, stack(0x000000001a3d0000,0x000000001a4d0000)]
  0x0000000019b30800 JavaThread "Java2D Disposer" daemon [_thread_blocked, id=15092, stack(0x000000001a2d0000,0x000000001a3d0000)]
  0x000000001906b000 JavaThread "Service Thread" daemon [_thread_blocked, id=9032, stack(0x0000000019440000,0x0000000019540000)]
  0x00000000176da800 JavaThread "C1 CompilerThread2" daemon [_thread_blocked, id=12164, stack(0x0000000018f40000,0x0000000019040000)]
  0x00000000176d3000 JavaThread "C2 CompilerThread1" daemon [_thread_blocked, id=12628, stack(0x0000000018e40000,0x0000000018f40000)]
  0x00000000176cd000 JavaThread "C2 CompilerThread0" daemon [_thread_blocked, id=4844, stack(0x0000000018d40000,0x0000000018e40000)]
  0x00000000176cc000 JavaThread "Attach Listener" daemon [_thread_blocked, id=10820, stack(0x0000000018c40000,0x0000000018d40000)]
  0x00000000176ca000 JavaThread "Signal Dispatcher" daemon [_thread_blocked, id=1228, stack(0x0000000018b40000,0x0000000018c40000)]
  0x00000000176ba800 JavaThread "Finalizer" daemon [_thread_blocked, id=7064, stack(0x0000000018930000,0x0000000018a30000)]
  0x0000000002b71000 JavaThread "Reference Handler" daemon [_thread_blocked, id=6856, stack(0x0000000018830000,0x0000000018930000)]

Other Threads:
  0x0000000017698800 VMThread [stack: 0x0000000018730000,0x0000000018830000] [id=4528]
  0x0000000019085000 WatcherThread [stack: 0x0000000019540000,0x0000000019640000] [id=14648]

VM state:not at safepoint (normal execution)

VM Mutex/Monitor currently owned by a thread: None

Heap:
 PSYoungGen      total 38400K, used 15873K [0x00000000d5f80000, 0x00000000d8a00000, 0x0000000100000000)
  eden space 33280K, 32% used [0x00000000d5f80000,0x00000000d6a03510,0x00000000d8000000)
  from space 5120K, 99% used [0x00000000d8500000,0x00000000d89fd020,0x00000000d8a00000)
  to   space 5120K, 0% used [0x00000000d8000000,0x00000000d8000000,0x00000000d8500000)
 ParOldGen       total 87552K, used 2117K [0x0000000081e00000, 0x0000000087380000, 0x00000000d5f80000)
  object space 87552K, 2% used [0x0000000081e00000,0x00000000820114b8,0x0000000087380000)
 Metaspace       used 16078K, capacity 16270K, committed 16640K, reserved 1064960K
  class space    used 1641K, capacity 1707K, committed 1792K, reserved 1048576K

Card table byte_map: [0x0000000011f40000,0x0000000012340000] byte_map_base: 0x0000000011b31000

Marking Bits: (ParMarkBitMap*) 0x0000000064ef3e30
 Begin Bits: [0x00000000129f0000, 0x0000000014978000)
 End Bits:   [0x0000000014978000, 0x0000000016900000)

Polling page: 0x0000000001180000

CodeCache: size=245760Kb used=5295Kb max_used=5299Kb free=240464Kb
 bounds [0x0000000002b80000, 0x00000000030c0000, 0x0000000011b80000]
 total_blobs=2275 nmethods=1421 adapters=767
 compilation: enabled

Compilation events (10 events):
Event: 211.078 Thread 0x00000000176d3000 nmethod 1420 0x000000000309c910 code [0x000000000309caa0, 0x000000000309ce58]
Event: 211.086 Thread 0x00000000176cd000 nmethod 1416 0x00000000030acd90 code [0x00000000030ad0c0, 0x00000000030ae150]
Event: 214.903 Thread 0x00000000176da800 1421       3       Game$Input::mouseDragged (100 bytes)
Event: 214.903 Thread 0x00000000176da800 nmethod 1421 0x000000000309da10 code [0x000000000309dc80, 0x000000000309e8b8]
Event: 214.903 Thread 0x00000000176da800 1422       3       Camera::elevate (40 bytes)
Event: 214.904 Thread 0x00000000176da800 nmethod 1422 0x00000000030ab490 code [0x00000000030ab6a0, 0x00000000030ac758]
Event: 215.941 Thread 0x00000000176da800 1423       3       java.awt.event.MouseEvent::setOldModifiers (273 bytes)
Event: 215.942 Thread 0x00000000176da800 nmethod 1423 0x00000000030aadd0 code [0x00000000030aaf40, 0x00000000030ab410]
Event: 220.929 Thread 0x00000000176da800 1424       3       Mat4Utl::getRotations (152 bytes)
Event: 220.929 Thread 0x00000000176da800 nmethod 1424 0x00000000030afd50 code [0x00000000030aff40, 0x00000000030b0ce8]

GC Heap History (4 events):
Event: 2.611 GC heap before
{Heap before GC invocations=1 (full 0):
 PSYoungGen      total 38400K, used 33280K [0x00000000d5f80000, 0x00000000d8a00000, 0x0000000100000000)
  eden space 33280K, 100% used [0x00000000d5f80000,0x00000000d8000000,0x00000000d8000000)
  from space 5120K, 0% used [0x00000000d8500000,0x00000000d8500000,0x00000000d8a00000)
  to   space 5120K, 0% used [0x00000000d8000000,0x00000000d8000000,0x00000000d8500000)
 ParOldGen       total 87552K, used 0K [0x0000000081e00000, 0x0000000087380000, 0x00000000d5f80000)
  object space 87552K, 0% used [0x0000000081e00000,0x0000000081e00000,0x0000000087380000)
 Metaspace       used 12065K, capacity 12228K, committed 12288K, reserved 1060864K
  class space    used 1181K, capacity 1279K, committed 1280K, reserved 1048576K
Event: 2.623 GC heap after
Heap after GC invocations=1 (full 0):
 PSYoungGen      total 38400K, used 4806K [0x00000000d5f80000, 0x00000000d8a00000, 0x0000000100000000)
  eden space 33280K, 0% used [0x00000000d5f80000,0x00000000d5f80000,0x00000000d8000000)
  from space 5120K, 93% used [0x00000000d8000000,0x00000000d84b1a88,0x00000000d8500000)
  to   space 5120K, 0% used [0x00000000d8500000,0x00000000d8500000,0x00000000d8a00000)
 ParOldGen       total 87552K, used 0K [0x0000000081e00000, 0x0000000087380000, 0x00000000d5f80000)
  object space 87552K, 0% used [0x0000000081e00000,0x0000000081e00000,0x0000000087380000)
 Metaspace       used 12065K, capacity 12228K, committed 12288K, reserved 1060864K
  class space    used 1181K, capacity 1279K, committed 1280K, reserved 1048576K
}
Event: 114.816 GC heap before
{Heap before GC invocations=2 (full 0):
 PSYoungGen      total 38400K, used 38086K [0x00000000d5f80000, 0x00000000d8a00000, 0x0000000100000000)
  eden space 33280K, 100% used [0x00000000d5f80000,0x00000000d8000000,0x00000000d8000000)
  from space 5120K, 93% used [0x00000000d8000000,0x00000000d84b1a88,0x00000000d8500000)
  to   space 5120K, 0% used [0x00000000d8500000,0x00000000d8500000,0x00000000d8a00000)
 ParOldGen       total 87552K, used 0K [0x0000000081e00000, 0x0000000087380000, 0x00000000d5f80000)
  object space 87552K, 0% used [0x0000000081e00000,0x0000000081e00000,0x0000000087380000)
 Metaspace       used 16007K, capacity 16206K, committed 16384K, reserved 1064960K
  class space    used 1623K, capacity 1707K, committed 1792K, reserved 1048576K
Event: 114.822 GC heap after
Heap after GC invocations=2 (full 0):
 PSYoungGen      total 38400K, used 5108K [0x00000000d5f80000, 0x00000000d8a00000, 0x0000000100000000)
  eden space 33280K, 0% used [0x00000000d5f80000,0x00000000d5f80000,0x00000000d8000000)
  from space 5120K, 99% used [0x00000000d8500000,0x00000000d89fd020,0x00000000d8a00000)
  to   space 5120K, 0% used [0x00000000d8000000,0x00000000d8000000,0x00000000d8500000)
 ParOldGen       total 87552K, used 2117K [0x0000000081e00000, 0x0000000087380000, 0x00000000d5f80000)
  object space 87552K, 2% used [0x0000000081e00000,0x00000000820114b8,0x0000000087380000)
 Metaspace       used 16007K, capacity 16206K, committed 16384K, reserved 1064960K
  class space    used 1623K, capacity 1707K, committed 1792K, reserved 1048576K
}

Deoptimization events (10 events):
Event: 2.164 Thread 0x0000000002a81000 Uncommon trap: reason=unstable_if action=reinterpret pc=0x0000000002cd8748 method=java.lang.String.startsWith(Ljava/lang/String;I)Z @ 25
Event: 2.820 Thread 0x0000000002a81000 Uncommon trap: reason=unstable_if action=reinterpret pc=0x0000000002e34af4 method=java.lang.reflect.AccessibleObject.setAccessible0(Ljava/lang/reflect/AccessibleObject;Z)V @ 4
Event: 137.655 Thread 0x0000000019b3d000 Uncommon trap: reason=unstable_if action=reinterpret pc=0x0000000003024418 method=World.draw(LGraphics;)V @ 52
Event: 237.507 Thread 0x0000000019b3d000 Uncommon trap: reason=speculate_class_check action=maybe_recompile pc=0x000000000303dcc4 method=java.awt.EventQueue.coalesceEvent(Ljava/awt/AWTEvent;I)Z @ 53
Event: 237.507 Thread 0x0000000019b3d000 Uncommon trap: reason=class_check action=maybe_recompile pc=0x0000000003055934 method=java.awt.EventQueue.setCurrentEventAndMostRecentTimeImpl(Ljava/awt/AWTEvent;)V @ 53
Event: 237.510 Thread 0x0000000019b3d000 Uncommon trap: reason=speculate_class_check action=maybe_recompile pc=0x0000000003077018 method=java.awt.AWTEvent.dispatched()V @ 1
Event: 237.510 Thread 0x0000000019b3d000 Uncommon trap: reason=speculate_class_check action=maybe_recompile pc=0x000000000303dcc4 method=java.awt.EventQueue.coalesceEvent(Ljava/awt/AWTEvent;I)Z @ 53
Event: 237.511 Thread 0x0000000019b3d000 Uncommon trap: reason=class_check action=maybe_recompile pc=0x0000000003055934 method=java.awt.EventQueue.setCurrentEventAndMostRecentTimeImpl(Ljava/awt/AWTEvent;)V @ 53
Event: 237.511 Thread 0x0000000019b3d000 Uncommon trap: reason=speculate_class_check action=maybe_recompile pc=0x0000000003077018 method=java.awt.AWTEvent.dispatched()V @ 1
Event: 237.558 Thread 0x0000000019fb9000 Uncommon trap: reason=unstable_if action=reinterpret pc=0x000000000309701c method=javax.swing.Timer.post()V @ 9

Classes redefined (0 events):
No events

Internal exceptions (10 events):
Event: 3.158 Thread 0x0000000019b3d000 Exception <a 'java/lang/ArrayIndexOutOfBoundsException': 4> (0x00000000d76d86a0) thrown at [C:\re\workspace\8-2-build-windows-amd64-cygwin\jdk8u191\11896\hotspot\src\share\vm\interpreter\interpreterRuntime.cpp, line 366]
Event: 3.158 Thread 0x0000000019b3d000 Exception <a 'java/lang/ArrayIndexOutOfBoundsException': 4> (0x00000000d76d8ac0) thrown at [C:\re\workspace\8-2-build-windows-amd64-cygwin\jdk8u191\11896\hotspot\src\share\vm\interpreter\interpreterRuntime.cpp, line 366]
Event: 3.158 Thread 0x0000000019b3d000 Exception <a 'java/lang/ArrayIndexOutOfBoundsException': 4> (0x00000000d76d8ee0) thrown at [C:\re\workspace\8-2-build-windows-amd64-cygwin\jdk8u191\11896\hotspot\src\share\vm\interpreter\interpreterRuntime.cpp, line 366]
Event: 3.158 Thread 0x0000000019b3d000 Exception <a 'java/lang/ArrayIndexOutOfBoundsException': 4> (0x00000000d76d9300) thrown at [C:\re\workspace\8-2-build-windows-amd64-cygwin\jdk8u191\11896\hotspot\src\share\vm\interpreter\interpreterRuntime.cpp, line 366]
Event: 3.158 Thread 0x0000000019b3d000 Exception <a 'java/lang/ArrayIndexOutOfBoundsException': 4> (0x00000000d76d9720) thrown at [C:\re\workspace\8-2-build-windows-amd64-cygwin\jdk8u191\11896\hotspot\src\share\vm\interpreter\interpreterRuntime.cpp, line 366]
Event: 3.158 Thread 0x0000000019b3d000 Exception <a 'java/lang/ArrayIndexOutOfBoundsException': 4> (0x00000000d76d9b40) thrown at [C:\re\workspace\8-2-build-windows-amd64-cygwin\jdk8u191\11896\hotspot\src\share\vm\interpreter\interpreterRuntime.cpp, line 366]
Event: 3.158 Thread 0x0000000019b3d000 Exception <a 'java/lang/ArrayIndexOutOfBoundsException': 4> (0x00000000d76d9f60) thrown at [C:\re\workspace\8-2-build-windows-amd64-cygwin\jdk8u191\11896\hotspot\src\share\vm\interpreter\interpreterRuntime.cpp, line 366]
Event: 3.158 Thread 0x0000000019b3d000 Exception <a 'java/lang/ArrayIndexOutOfBoundsException': 4> (0x00000000d76da380) thrown at [C:\re\workspace\8-2-build-windows-amd64-cygwin\jdk8u191\11896\hotspot\src\share\vm\interpreter\interpreterRuntime.cpp, line 366]
Event: 3.158 Thread 0x0000000019b3d000 Exception <a 'java/lang/ArrayIndexOutOfBoundsException': 4> (0x00000000d76da7a0) thrown at [C:\re\workspace\8-2-build-windows-amd64-cygwin\jdk8u191\11896\hotspot\src\share\vm\interpreter\interpreterRuntime.cpp, line 366]
Event: 3.158 Thread 0x0000000019b3d000 Exception <a 'java/lang/ArrayIndexOutOfBoundsException': 4> (0x00000000d76dabc0) thrown at [C:\re\workspace\8-2-build-windows-amd64-cygwin\jdk8u191\11896\hotspot\src\share\vm\interpreter\interpreterRuntime.cpp, line 366]

Events (10 events):
Event: 237.510 Thread 0x0000000019b3d000 DEOPT UNPACKING pc=0x0000000002bc583b sp=0x000000001a8aea40 mode 2
Event: 237.511 Thread 0x0000000019b3d000 Uncommon trap: trap_request=0xffffffde fr.pc=0x0000000003055934
Event: 237.511 Thread 0x0000000019b3d000 DEOPT PACKING pc=0x0000000003055934 sp=0x000000001a8acd10
Event: 237.511 Thread 0x0000000019b3d000 DEOPT UNPACKING pc=0x0000000002bc583b sp=0x000000001a8acc98 mode 2
Event: 237.511 Thread 0x0000000019b3d000 Uncommon trap: trap_request=0xffffff76 fr.pc=0x0000000003077018
Event: 237.511 Thread 0x0000000019b3d000 DEOPT PACKING pc=0x0000000003077018 sp=0x000000001a8ad340
Event: 237.511 Thread 0x0000000019b3d000 DEOPT UNPACKING pc=0x0000000002bc583b sp=0x000000001a8ad328 mode 2
Event: 237.558 Thread 0x0000000019fb9000 Uncommon trap: trap_request=0xffffff65 fr.pc=0x000000000309701c
Event: 237.558 Thread 0x0000000019fb9000 DEOPT PACKING pc=0x000000000309701c sp=0x0000000060d6f360
Event: 237.558 Thread 0x0000000019fb9000 DEOPT UNPACKING pc=0x0000000002bc583b sp=0x0000000060d6f308 mode 2


Dynamic libraries:
0x00007ff600860000 - 0x00007ff600897000 	C:\Program Files\Java\jre1.8.0_191\bin\java.exe
0x00007ffbf0320000 - 0x00007ffbf0510000 	C:\WINDOWS\SYSTEM32\ntdll.dll
0x00007ffbefde0000 - 0x00007ffbefe92000 	C:\WINDOWS\System32\KERNEL32.DLL
0x00007ffbedd10000 - 0x00007ffbedfb3000 	C:\WINDOWS\System32\KERNELBASE.dll
0x00007ffbf0010000 - 0x00007ffbf00b3000 	C:\WINDOWS\System32\ADVAPI32.dll
0x00007ffbef870000 - 0x00007ffbef90e000 	C:\WINDOWS\System32\msvcrt.dll
0x00007ffbefea0000 - 0x00007ffbeff37000 	C:\WINDOWS\System32\sechost.dll
0x00007ffbee700000 - 0x00007ffbee820000 	C:\WINDOWS\System32\RPCRT4.dll
0x00007ffbef060000 - 0x00007ffbef1f3000 	C:\WINDOWS\System32\USER32.dll
0x00007ffbedff0000 - 0x00007ffbee011000 	C:\WINDOWS\System32\win32u.dll
0x00007ffbee670000 - 0x00007ffbee696000 	C:\WINDOWS\System32\GDI32.dll
0x00007ffbee1e0000 - 0x00007ffbee374000 	C:\WINDOWS\System32\gdi32full.dll
0x00007ffbee040000 - 0x00007ffbee0de000 	C:\WINDOWS\System32\msvcp_win.dll
0x00007ffbee0e0000 - 0x00007ffbee1da000 	C:\WINDOWS\System32\ucrtbase.dll
0x00007ffbec6b0000 - 0x00007ffbec935000 	C:\WINDOWS\WinSxS\amd64_microsoft.windows.common-controls_6595b64144ccf1df_6.0.18362.239_none_e6c7aebd130c7608\COMCTL32.dll
0x00007ffbef460000 - 0x00007ffbef796000 	C:\WINDOWS\System32\combase.dll
0x00007ffbedc90000 - 0x00007ffbedd10000 	C:\WINDOWS\System32\bcryptPrimitives.dll
0x00007ffbeff60000 - 0x00007ffbeff8e000 	C:\WINDOWS\System32\IMM32.DLL
0x0000000065fe0000 - 0x00000000660b2000 	C:\Program Files\Java\jre1.8.0_191\bin\msvcr100.dll
0x00000000646d0000 - 0x0000000064f74000 	C:\Program Files\Java\jre1.8.0_191\bin\server\jvm.dll
0x00007ffbeef00000 - 0x00007ffbeef08000 	C:\WINDOWS\System32\PSAPI.DLL
0x00007ffbeab80000 - 0x00007ffbeaba4000 	C:\WINDOWS\SYSTEM32\WINMM.dll
0x00007ffbeb6f0000 - 0x00007ffbeb6f9000 	C:\WINDOWS\SYSTEM32\WSOCK32.dll
0x00007ffbe2a50000 - 0x00007ffbe2a5a000 	C:\WINDOWS\SYSTEM32\VERSION.dll
0x00007ffbef3f0000 - 0x00007ffbef45f000 	C:\WINDOWS\System32\WS2_32.dll
0x00007ffbeab50000 - 0x00007ffbeab7d000 	C:\WINDOWS\SYSTEM32\winmmbase.dll
0x00007ffbeda40000 - 0x00007ffbeda8a000 	C:\WINDOWS\System32\cfgmgr32.dll
0x0000000066c30000 - 0x0000000066c3f000 	C:\Program Files\Java\jre1.8.0_191\bin\verify.dll
0x0000000066c00000 - 0x0000000066c29000 	C:\Program Files\Java\jre1.8.0_191\bin\java.dll
0x0000000066be0000 - 0x0000000066bf6000 	C:\Program Files\Java\jre1.8.0_191\bin\zip.dll
0x00007ffbee820000 - 0x00007ffbeef00000 	C:\WINDOWS\System32\SHELL32.dll
0x00007ffbee3e0000 - 0x00007ffbee489000 	C:\WINDOWS\System32\shcore.dll
0x00007ffbed2c0000 - 0x00007ffbeda3b000 	C:\WINDOWS\System32\windows.storage.dll
0x00007ffbed2a0000 - 0x00007ffbed2bf000 	C:\WINDOWS\System32\profapi.dll
0x00007ffbed230000 - 0x00007ffbed27a000 	C:\WINDOWS\System32\powrprof.dll
0x00007ffbed200000 - 0x00007ffbed210000 	C:\WINDOWS\System32\UMPDC.dll
0x00007ffbefd80000 - 0x00007ffbefdd2000 	C:\WINDOWS\System32\shlwapi.dll
0x00007ffbed210000 - 0x00007ffbed221000 	C:\WINDOWS\System32\kernel.appcore.dll
0x00007ffbee020000 - 0x00007ffbee037000 	C:\WINDOWS\System32\cryptsp.dll
0x00007ffbebf50000 - 0x00007ffbebf83000 	C:\WINDOWS\system32\rsaenh.dll
0x00007ffbedfc0000 - 0x00007ffbedfe6000 	C:\WINDOWS\System32\bcrypt.dll
0x00007ffbed120000 - 0x00007ffbed145000 	C:\WINDOWS\SYSTEM32\USERENV.dll
0x00007ffbec560000 - 0x00007ffbec56c000 	C:\WINDOWS\SYSTEM32\CRYPTBASE.dll
0x0000000065fc0000 - 0x0000000065fda000 	C:\Program Files\Java\jre1.8.0_191\bin\net.dll
0x00007ffbec390000 - 0x00007ffbec3f7000 	C:\WINDOWS\system32\mswsock.dll
0x00007ffbec0f0000 - 0x00007ffbec12a000 	C:\WINDOWS\SYSTEM32\IPHLPAPI.DLL
0x00007ffbeefe0000 - 0x00007ffbeefe8000 	C:\WINDOWS\System32\NSI.dll
0x00007ffbe1f20000 - 0x00007ffbe1f36000 	C:\WINDOWS\SYSTEM32\dhcpcsvc6.DLL
0x00007ffbe2870000 - 0x00007ffbe288c000 	C:\WINDOWS\SYSTEM32\dhcpcsvc.DLL
0x00007ffbec130000 - 0x00007ffbec1fa000 	C:\WINDOWS\SYSTEM32\DNSAPI.dll
0x0000000065fa0000 - 0x0000000065fb1000 	C:\Program Files\Java\jre1.8.0_191\bin\nio.dll
0x00007ffbeac80000 - 0x00007ffbead0f000 	C:\WINDOWS\system32\apphelp.dll
0x00000000637c0000 - 0x00000000637cd000 	C:\Users\JET\AppData\Local\Temp\jogamp_0000\file_cache\jln7696690612895715362\jln3578650242240397115\natives\windows-amd64\gluegen-rt.dll
0x0000000065e00000 - 0x0000000065f99000 	C:\Program Files\Java\jre1.8.0_191\bin\awt.dll
0x00007ffbeef10000 - 0x00007ffbeefd4000 	C:\WINDOWS\System32\OLEAUT32.dll
0x00007ffbeae60000 - 0x00007ffbeaef9000 	C:\WINDOWS\system32\uxtheme.dll
0x00007ffbef200000 - 0x00007ffbef337000 	C:\WINDOWS\System32\MSCTF.dll
0x00007ffbee490000 - 0x00007ffbee5e6000 	C:\WINDOWS\System32\ole32.dll
0x0000000066bd0000 - 0x0000000066bd7000 	C:\Program Files\Java\jre1.8.0_191\bin\jawt.dll
0x000000006a440000 - 0x000000006a44d000 	C:\Users\JET\AppData\Local\Temp\jogamp_0000\file_cache\jln7696690612895715362\jln3578650242240397115\natives\windows-amd64\nativewindow_awt.dll
0x00007ffbeb280000 - 0x00007ffbeb2ad000 	C:\WINDOWS\system32\DWMAPI.DLL
0x00007ffbc3a00000 - 0x00007ffbc3b4f000 	C:\WINDOWS\system32\opengl32.dll
0x00007ffbc4560000 - 0x00007ffbc458c000 	C:\WINDOWS\SYSTEM32\GLU32.dll
0x00007ffbeb8c0000 - 0x00007ffbeb8e0000 	C:\WINDOWS\SYSTEM32\dxcore.dll
0x000000006c100000 - 0x000000006c10f000 	C:\Users\JET\AppData\Local\Temp\jogamp_0000\file_cache\jln7696690612895715362\jln3578650242240397115\natives\windows-amd64\nativewindow_win32.dll
0x0000000064500000 - 0x00000000645b1000 	C:\Users\JET\AppData\Local\Temp\jogamp_0000\file_cache\jln7696690612895715362\jln3578650242240397115\natives\windows-amd64\jogl_desktop.dll
0x0000000064340000 - 0x00000000643a2000 	C:\Users\JET\AppData\Local\Temp\jogamp_0000\file_cache\jln7696690612895715362\jln3578650242240397115\natives\windows-amd64\jogl_mobile.dll
0x00007ffb98db0000 - 0x00007ffb99a9a000 	C:\WINDOWS\SYSTEM32\ig9icd64.dll
0x00007ffbe3400000 - 0x00007ffbe426c000 	C:\WINDOWS\SYSTEM32\igc64.dll
0x00007ffbeb6d0000 - 0x00007ffbeb6e3000 	C:\WINDOWS\SYSTEM32\WTSAPI32.dll
0x0000000065db0000 - 0x0000000065df7000 	C:\Program Files\Java\jre1.8.0_191\bin\fontmanager.dll
0x00007ffbe17f0000 - 0x00007ffbe188e000 	C:\WINDOWS\System32\TextInputFramework.dll
0x00007ffbe8a20000 - 0x00007ffbe8d4a000 	C:\WINDOWS\System32\CoreUIComponents.dll
0x00007ffbea940000 - 0x00007ffbeaa14000 	C:\WINDOWS\System32\CoreMessaging.dll
0x00007ffbecce0000 - 0x00007ffbecd11000 	C:\WINDOWS\SYSTEM32\ntmarta.dll
0x00007ffbe8780000 - 0x00007ffbe88d3000 	C:\WINDOWS\SYSTEM32\wintypes.dll
0x00007ffbdbe60000 - 0x00007ffbdbec5000 	C:\WINDOWS\system32\Oleacc.dll
0x00007ffbe0230000 - 0x00007ffbe04d6000 	C:\WINDOWS\System32\iertutil.dll
0x00007ffbeb8e0000 - 0x00007ffbeb9ca000 	C:\WINDOWS\SYSTEM32\dxgi.dll
0x00007ffbe9d30000 - 0x00007ffbe9f8b000 	C:\WINDOWS\SYSTEM32\d3d11.dll
0x00007ffbe48c0000 - 0x00007ffbe55c2000 	C:\WINDOWS\SYSTEM32\igd10iumd64.dll
0x00007ffbec680000 - 0x00007ffbec6a6000 	C:\WINDOWS\SYSTEM32\ncrypt.dll
0x00007ffbec640000 - 0x00007ffbec67b000 	C:\WINDOWS\SYSTEM32\NTASN1.dll
0x00007ffbe8d50000 - 0x00007ffbe8db5000 	C:\WINDOWS\system32\Ninput.dll
0x00007ffbecd20000 - 0x00007ffbecf14000 	C:\WINDOWS\SYSTEM32\dbghelp.dll

VM Arguments:
java_command: Game
java_class_path (initial): .;jogl-all.jar;jogl-all-natives-windows-amd64.jar;gluegen-rt.jar
Launcher Type: SUN_STANDARD

Environment Variables:
PATH=C:\Program Files\Java\Java3D\1.5.1\bin;C:\Program Files\Java\jre1.8.0_191\bin;C:\Program Files\Java\jdk1.8.0_191\bin;C:\Program Files (x86)\Lenovo\FusionEngine;C:\WINDOWS\system32;C:\WINDOWS;C:\WINDOWS\System32\Wbem;C:\WINDOWS\System32\WindowsPowerShell\v1.0\;C:\Program Files\Intel\WiFi\bin\;C:\Program Files\Common Files\Intel\WirelessCommon\;C:\Program Files (x86)\GtkSharp\2.12\bin;C:\WINDOWS\System32\OpenSSH\;C:\Program Files (x86)\Windows Kits\10\Windows Performance Toolkit\;C:\Program Files\dotnet\;C:\Users\JET\AppData\Local\Microsoft\WindowsApps;C:\Users\JET\.dotnet\tools;C:\Users\JET\AppData\Local\Programs\Microsoft VS Code\bin;;%USERPROFILE%\AppData\Local\Microsoft\WindowsApps
USERNAME=JET
OS=Windows_NT
PROCESSOR_IDENTIFIER=Intel64 Family 6 Model 78 Stepping 3, GenuineIntel



---------------  S Y S T E M  ---------------

OS: Windows 10.0 , 64 bit Build 18362 (10.0.18362.86)

CPU:total 4 (initial active 4) (2 cores per cpu, 2 threads per core) family 6 model 78 stepping 3, cmov, cx8, fxsr, mmx, sse, sse2, sse3, ssse3, sse4.1, sse4.2, popcnt, avx, avx2, aes, clmul, erms, 3dnowpref, lzcnt, ht, tsc, tscinvbit, bmi1, bmi2, adx

Memory: 4k page, physical 8265120k(3934520k free), swap 16653728k(10762580k free)

vm_info: Java HotSpot(TM) 64-Bit Server VM (25.191-b12) for windows-amd64 JRE (1.8.0_191-b12), built on Oct  6 2018 09:29:03 by "java_re" with MS VC++ 10.0 (VS2010)

time: Tue Aug 06 19:12:46 2019
elapsed time: 241 seconds (0d 0h 4m 1s)

